Arguments: 
  /usr/local/bin/node /usr/local/bin/yarn add global vsce

PATH: 
  /usr/local/bin:/usr/bin:/bin:/usr/sbin:/sbin

Yarn version: 
  1.15.2

Node version: 
  10.15.3

Platform: 
  darwin x64

Trace: 
  Error: http://xnpm.ximalaya.com/typescript: ETIMEDOUT
      at Timeout._onTimeout (/usr/local/lib/node_modules/yarn/lib/cli.js:130201:19)
      at ontimeout (timers.js:436:11)
      at tryOnTimeout (timers.js:300:5)
      at listOnTimeout (timers.js:263:5)
      at Timer.processTimers (timers.js:223:10)

npm manifest: 
  {
  	"name": "px2rem",
  	"displayName": "px2rem",
  	"description": "",
  	"version": "0.0.1",
  	"engines": {
  		"vscode": "^1.33.0"
  	},
  	"categories": [
  		"Other"
  	],
  	"activationEvents": [
  		"*"
  	],
  	"main": "./extension.js",
  	"scripts": {
  		"postinstall": "node ./node_modules/vscode/bin/install",
  		"test": "node ./node_modules/vscode/bin/test"
  	},
  	"devDependencies": {
  		"typescript": "^3.3.1",
  		"vscode": "^1.1.28",
  		"eslint": "^5.13.0",
  		"@types/node": "^10.12.21",
  		"@types/mocha": "^2.2.42"
  	}
  }

yarn manifest: 
  No manifest

Lockfile: 
  No lockfile
